<?xml version="1.0" encoding="utf-8"?><testsuites name="pytest tests"><testsuite name="pytest" errors="0" failures="0" skipped="0" tests="30" time="11.630" timestamp="2026-05-06T03:39:53.262537+00:00" hostname="agent-env-cc463020-c34a-425a-8d8c-b742835ebc14"><testcase classname="backend.tests.backend_test.TestHealth" name="test_root" time="0.298" /><testcase classname="backend.tests.backend_test.TestServices" name="test_list_services_returns_12" time="0.059" /><testcase classname="backend.tests.backend_test.TestServices" name="test_service_detail_has_all_fields" time="0.060" /><testcase classname="backend.tests.backend_test.TestServices" name="test_service_detail_404" time="0.060" /><testcase classname="backend.tests.backend_test.TestContent" name="test_doctors" time="0.059" /><testcase classname="backend.tests.backend_test.TestContent" name="test_testimonials" time="0.061" /><testcase classname="backend.tests.backend_test.TestContent" name="test_gallery" time="0.061" /><testcase classname="backend.tests.backend_test.TestBlogPublic" name="test_blog_list_no_content_md" time="0.063" /><testcase classname="backend.tests.backend_test.TestBlogPublic" name="test_blog_detail_full" time="0.060" /><testcase classname="backend.tests.backend_test.TestBlogPublic" name="test_blog_detail_404" time="0.061" /><testcase classname="backend.tests.backend_test.TestBookings" name="test_create_booking" time="0.062" /><testcase classname="backend.tests.backend_test.TestBookings" name="test_booking_validation" time="0.058" /><testcase classname="backend.tests.backend_test.TestContact" name="test_create_contact" time="0.068" /><testcase classname="backend.tests.backend_test.TestAIChat" name="test_chat" time="2.262" /><testcase classname="backend.tests.backend_test.TestSmileAnalysis" name="test_smile_analysis_accepts" time="5.871" /><testcase classname="backend.tests.backend_test.TestSmileAnalysis" name="test_smile_analysis_validation" time="0.061" /><testcase classname="backend.tests.backend_test.TestAdminAuth" name="test_admin_login_correct" time="0.062" /><testcase classname="backend.tests.backend_test.TestAdminAuth" name="test_admin_login_wrong" time="0.061" /><testcase classname="backend.tests.backend_test.TestAdminAuth" name="test_admin_endpoints_require_token" time="0.366" /><testcase classname="backend.tests.backend_test.TestAdminAuth" name="test_admin_endpoints_with_token" time="0.417" /><testcase classname="backend.tests.backend_test.TestAdminBlogCRUD" name="test_a_create_post" time="0.074" /><testcase classname="backend.tests.backend_test.TestAdminBlogCRUD" name="test_b_create_duplicate_slug" time="0.065" /><testcase classname="backend.tests.backend_test.TestAdminBlogCRUD" name="test_c_update_post" time="0.210" /><testcase classname="backend.tests.backend_test.TestAdminBlogCRUD" name="test_d_update_nonexistent" time="0.072" /><testcase classname="backend.tests.backend_test.TestAdminBlogCRUD" name="test_e_delete_post" time="0.201" /><testcase classname="backend.tests.backend_test.TestAdminBlogCRUD" name="test_f_delete_nonexistent" time="0.068" /><testcase classname="backend.tests.backend_test.TestAdminBlogCRUD" name="test_g_blog_create_requires_auth" time="0.068" /><testcase classname="backend.tests.backend_test.TestSEOAssets" name="test_sitemap_xml" time="0.182" /><testcase classname="backend.tests.backend_test.TestSEOAssets" name="test_robots_txt" time="0.158" /><testcase classname="backend.tests.backend_test.TestSEOAssets" name="test_index_has_seo" time="0.172" /></testsuite></testsuites>